2019-03-27 10:59:52,635 -[line:124] - WARNING: ###############
开始本次rabbit登录。
2019-03-27 10:59:53,594 -[line:137] - WARNING: rabbit登录成功。
2019-03-27 10:59:53,754 -[line:149] - WARNING: rabbit签到成功。
2019-03-27 10:59:53,756 -[line:124] - WARNING: ###############
开始本次rabbit登录。
2019-03-27 10:59:54,135 -[line:137] - WARNING: rabbit登录成功。
2019-03-27 10:59:54,412 -[line:149] - WARNING: rabbit签到成功。
2019-03-27 10:59:54,414 -[line:124] - WARNING: ###############
开始本次rabbit登录。
2019-03-27 10:59:54,711 -[line:137] - WARNING: rabbit登录成功。
2019-03-27 10:59:54,854 -[line:149] - WARNING: rabbit签到成功。
2019-03-27 10:59:54,856 -[line:124] - WARNING: ###############
开始本次rabbit登录。
2019-03-27 10:59:55,177 -[line:137] - WARNING: rabbit登录成功。
2019-03-27 10:59:55,330 -[line:149] - WARNING: rabbit签到成功。
2019-03-27 10:59:55,334 -[line:124] - WARNING: ###############
开始本次rabbit登录。
2019-03-27 10:59:55,727 -[line:137] - WARNING: rabbit登录成功。
2019-03-27 10:59:55,867 -[line:149] - WARNING: rabbit签到成功。
2019-03-27 10:59:55,869 -[line:124] - WARNING: ###############
开始本次rabbit登录。
2019-03-27 10:59:56,179 -[line:137] - WARNING: rabbit登录成功。
2019-03-27 10:59:56,309 -[line:149] - WARNING: rabbit签到成功。
2019-03-27 10:59:56,310 -[line:124] - WARNING: ###############
开始本次rabbit登录。
2019-03-27 10:59:56,676 -[line:137] - WARNING: rabbit登录成功。
2019-03-27 10:59:56,822 -[line:149] - WARNING: rabbit签到成功。
2019-03-27 10:59:56,823 -[line:124] - WARNING: ###############
开始本次rabbit登录。
2019-03-27 10:59:57,168 -[line:137] - WARNING: rabbit登录成功。
2019-03-27 10:59:57,308 -[line:149] - WARNING: rabbit签到成功。
2019-03-27 10:59:57,309 -[line:124] - WARNING: ###############
开始本次rabbit登录。
2019-03-27 11:01:27,019 -[line:124] - WARNING: ###############
开始本次rabbit登录。
2019-03-27 11:01:27,933 -[line:137] - WARNING: rabbit登录成功。
2019-03-27 11:01:28,074 -[line:149] - WARNING: rabbit签到成功。
2019-03-27 11:01:28,074 -[line:124] - WARNING: ###############
开始本次rabbit登录。
2019-03-27 11:01:28,426 -[line:137] - WARNING: rabbit登录成功。
2019-03-27 11:01:28,555 -[line:149] - WARNING: rabbit签到成功。
2019-03-27 11:01:28,556 -[line:124] - WARNING: ###############
开始本次rabbit登录。
2019-03-27 11:01:28,871 -[line:137] - WARNING: rabbit登录成功。
2019-03-27 11:01:29,019 -[line:149] - WARNING: rabbit签到成功。
2019-03-27 11:01:29,020 -[line:124] - WARNING: ###############
开始本次rabbit登录。
2019-03-27 11:01:29,338 -[line:137] - WARNING: rabbit登录成功。
2019-03-27 11:01:29,485 -[line:149] - WARNING: rabbit签到成功。
2019-03-27 11:01:29,485 -[line:124] - WARNING: ###############
开始本次rabbit登录。
2019-03-27 11:01:29,804 -[line:137] - WARNING: rabbit登录成功。
2019-03-27 11:01:29,951 -[line:149] - WARNING: rabbit签到成功。
2019-03-27 11:01:29,952 -[line:124] - WARNING: ###############
开始本次rabbit登录。
2019-03-27 11:01:30,288 -[line:137] - WARNING: rabbit登录成功。
2019-03-27 11:01:30,426 -[line:149] - WARNING: rabbit签到成功。
2019-03-27 11:01:30,429 -[line:124] - WARNING: ###############
开始本次rabbit登录。
2019-03-27 11:05:45,691 -[line:124] - WARNING: ###############
开始本次rabbit登录。
2019-03-27 11:05:47,093 -[line:137] - WARNING: rabbit登录成功。
2019-03-27 11:05:47,245 -[line:149] - WARNING: rabbit签到成功。
2019-03-27 11:26:32,523 -[line:161] - WARNING: 停止rabbit签到！
