2019-03-27 10:40:28,574 -[line:126] - WARNING: ###############
开始本次登录。
2019-03-27 10:40:38,079 -[line:132] - WARNING: 获取本次登录csrftoken：FA68D3873253BCCE。
2019-03-27 10:40:39,407 -[line:143] - WARNING: 登录成功。
2019-03-27 10:40:40,167 -[line:153] - WARNING: 签到成功.
2019-03-27 10:55:40,187 -[line:126] - WARNING: ###############
开始本次登录。
2019-03-27 10:55:41,006 -[line:132] - WARNING: 获取本次登录csrftoken：0A4788A445780366。
2019-03-27 10:55:41,248 -[line:143] - WARNING: 登录成功。
2019-03-27 10:55:41,534 -[line:153] - WARNING: 签到成功.
2019-03-27 11:05:54,341 -[line:197] - WARNING: ###############
开始本次登录。
2019-03-27 11:05:54,953 -[line:203] - WARNING: 获取本次登录csrftoken：1C99C067210BED52。
2019-03-27 11:05:55,138 -[line:214] - WARNING: 登录成功。
2019-03-27 11:05:55,355 -[line:224] - WARNING: 签到成功.
2019-03-27 11:20:55,408 -[line:197] - WARNING: ###############
开始本次登录。
2019-03-27 11:20:55,801 -[line:203] - WARNING: 获取本次登录csrftoken：E059D642A5B1EAE3。
2019-03-27 11:20:56,011 -[line:214] - WARNING: 登录成功。
2019-03-27 11:20:56,184 -[line:224] - WARNING: 签到成功.
2019-03-27 11:26:29,434 -[line:230] - WARNING: 停止签到！
